<?xml version="1.0" encoding="UTF-8"?>
<testsuite xmlns:xsi="http://www.w3.org/2001/XMLSchema-instance" xsi:noNamespaceSchemaLocation="https://maven.apache.org/surefire/maven-surefire-plugin/xsd/surefire-test-report.xsd" name="com.testing.FirstTest" time="1.156" tests="6" errors="0" skipped="0" failures="0">
  <properties>
[...]
</properties>
  <testcase name="GetMinValue" classname="com.testing.FirstTest" time="0.026"/>
  <testcase name="GetMaxValue" classname="com.testing.FirstTest" time="0.008"/>
  <testcase name="testSpeedOfOperationsWithDifferentNumberOfFiles" classname="com.testing.FirstTest" time="0.693"/>
  <testcase name="testSpeedOfOperationsWithDifferentFileSizes" classname="com.testing.FirstTest" time="0.365"/>
  <testcase name="GetMult" classname="com.testing.FirstTest" time="0.013"/>
  <testcase name="GetSum" classname="com.testing.FirstTest" time="0.003"/>
</testsuite>